[INFO] 使用预设: thorough

[INFO] 加载数据...
[OK] 加载体制标签: 5926 条
[INFO] 加载 1386 只股票数据...
[OK] 成功加载 1386 只股票

[INFO] 优化配置:
  股票样本: 150
  种群大小: 150
  最大代数: 80
  目标收益: 10.0%
  目标概率: 80%

======================================================================
  完整优化流程: 全局 → 按体制 → 稳健 → 迭代
======================================================================

>>> Phase 1/4: 全局优化

======================================================================
  阶段1: 全局优化 (Global Optimization)
======================================================================
  样本股票: 120 只
  GA配置: pop=150, max_gen=80
  Gen   0 | Best: 0.1758 | Top3: 0.1758, 0.1741, 0.1689 | NoImprove: 0 | 7520.4s
